<?xml version="1.0" encoding="UTF-8" ?>
<testsuite tests="12" failures="0" name="com.trueaccord.internal.admin.module.service.impl.DebtServiceImplTest" time="0.892" errors="0" skipped="0">
  <properties>
[...]
</properties>
  <testcase classname="com.trueaccord.internal.admin.module.service.impl.DebtServiceImplTest" name="testIsPaymentCompletedWithNullData" time="0"/>
  <testcase classname="com.trueaccord.internal.admin.module.service.impl.DebtServiceImplTest" name="testIsPaymentCompletedWithCorrectData" time="0.833"/>
  <testcase classname="com.trueaccord.internal.admin.module.service.impl.DebtServiceImplTest" name="testHaveAPaymentPlanWithInCorrectData" time="0.002"/>
  <testcase classname="com.trueaccord.internal.admin.module.service.impl.DebtServiceImplTest" name="testHaveAPaymentPlanWithNullData" time="0"/>
  <testcase classname="com.trueaccord.internal.admin.module.service.impl.DebtServiceImplTest" name="testUpdatePaymentDueDateWithCorrectData" time="0.056"/>
  <testcase classname="com.trueaccord.internal.admin.module.service.impl.DebtServiceImplTest" name="testIsPaymentCompletedWithInCorrectData" time="0"/>
  <testcase classname="com.trueaccord.internal.admin.module.service.impl.DebtServiceImplTest" name="testHaveAPaymentPlanWithCorrectData" time="0"/>
  <testcase classname="com.trueaccord.internal.admin.module.service.impl.DebtServiceImplTest" name="testUpdatePaymentDueDateWithInCorrectData" time="0"/>
  <testcase classname="com.trueaccord.internal.admin.module.service.impl.DebtServiceImplTest" name="testIsPaidDebtWithInCorrectData" time="0.001"/>
  <testcase classname="com.trueaccord.internal.admin.module.service.impl.DebtServiceImplTest" name="testIsPaidDebtWithNullData" time="0"/>
  <testcase classname="com.trueaccord.internal.admin.module.service.impl.DebtServiceImplTest" name="testIsPaidDebtWithCorrectData" time="0"/>
  <testcase classname="com.trueaccord.internal.admin.module.service.impl.DebtServiceImplTest" name="testUpdatePaymentDueDateWithNullData" time="0"/>
</testsuite>